<?xml version="1.0" encoding="UTF-8"?>
<!-- Generated by org.testng.reporters.JUnitReportReporter -->
<testsuite skipped="0" hostname="DESKTOP-QH08G25" name="com.test.TESTActitimeLogin" tests="1" failures="0" timestamp="04 Nov 2019 10:07:02 GMT" time="36.320" errors="0">
  <testcase name="login" time="36.320" classname="com.test.TESTActitimeLogin"/>
</testsuite> <!-- com.test.TESTActitimeLogin -->
